{
  "RSpec": {
    "coverage": {
      "/Users/tobyhamand/Documents/Makers/Course/Week2/oystercard/oystercard-1/spec/oystercard_spec.rb": [
        1,
        null,
        1,
        7,
        2,
        3,
        null,
        1,
        1,
        1,
        null,
        null,
        1,
        1,
        null,
        null,
        null,
        1,
        1,
        1,
        1,
        null,
        null,
        1,
        1,
        1,
        1,
        null,
        null,
        1,
        2,
        null,
        null,
        null,
        1,
        1,
        1,
        1,
        null,
        null,
        null
      ],
      "/Users/tobyhamand/Documents/Makers/Course/Week2/oystercard/oystercard-1/lib/oystercard.rb": [
        1,
        1,
        1,
        null,
        1,
        6,
        6,
        null,
        null,
        1,
        3,
        2,
        null,
        null,
        1,
        1,
        null,
        null,
        1,
        1,
        null,
        null,
        1,
        2,
        null,
        null
      ]
    },
    "timestamp": 1499696308
  }
}
