{
  "RSpec": {
    "coverage": {
      "/Users/tobyhamand/Documents/Makers/Course/Week2/oystercard/oystercard_1/spec/oystercard_spec.rb": [
        1,
        null,
        null,
        1,
        13,
        null,
        2,
        8,
        8,
        null,
        1,
        1,
        1,
        null,
        null,
        1,
        1,
        null,
        null,
        1,
        1,
        null,
        null,
        null,
        1,
        1,
        1,
        1,
        null,
        null,
        1,
        2,
        null,
        null,
        null,
        1,
        7,
        7,
        null,
        1,
        1,
        null,
        null,
        1,
        1,
        1,
        null,
        null,
        1,
        1,
        1,
        null,
        null,
        1,
        4,
        null,
        null,
        1,
        1,
        null,
        null,
        1,
        1,
        1,
        null,
        null,
        null,
        1,
        1,
        2,
        null,
        null,
        null,
        null,
        null
      ],
      "/Users/tobyhamand/Documents/Makers/Course/Week2/oystercard/oystercard_1/lib/oystercard.rb": [
        1,
        1,
        1,
        1,
        null,
        1,
        12,
        12,
        null,
        null,
        1,
        8,
        7,
        null,
        null,
        1,
        7,
        6,
        null,
        null,
        1,
        4,
        4,
        4,
        null,
        null,
        1,
        3,
        null,
        null,
        1,
        null,
        1,
        4,
        null,
        null
      ],
      "/Users/tobyhamand/Documents/Makers/Course/Week2/oystercard/oystercard_1/spec/station_spec.rb": [
        1,
        null,
        1,
        1,
        2,
        1,
        2,
        null,
        null,
        null,
        1,
        2,
        1,
        1,
        null,
        null,
        null
      ],
      "/Users/tobyhamand/Documents/Makers/Course/Week2/oystercard/oystercard_1/lib/station.rb": [
        1,
        1,
        null,
        1,
        2,
        1,
        1,
        null,
        null
      ]
    },
    "timestamp": 1499858894
  }
}
